<?xml version="1.0" encoding="UTF-8"?>
<testsuite name="ru.melowetty.remotescheduleservice.RemoteScheduleServiceApplicationTests" tests="1" skipped="0" failures="0" errors="0" timestamp="2024-04-14T10:57:13" hostname="MacBook-Air-Denis.local" time="0.449">
  <properties/>
  <testcase name="contextLoads()" classname="ru.melowetty.remotescheduleservice.RemoteScheduleServiceApplicationTests" time="0.449"/>
  <system-out><![CDATA[15:57:12.823 [Test worker] INFO org.springframework.test.context.support.AnnotationConfigContextLoaderUtils -- Could not detect default configuration classes for test class [ru.melowetty.remotescheduleservice.RemoteScheduleServiceApplicationTests]: RemoteScheduleServiceApplicationTests does not declare any static, non-private, non-final, nested classes annotated with @Configuration.
15:57:12.872 [Test worker] INFO org.springframework.boot.test.context.SpringBootTestContextBootstrapper -- Found @SpringBootConfiguration ru.melowetty.remotescheduleservice.RemoteScheduleServiceApplication for test class ru.melowetty.remotescheduleservice.RemoteScheduleServiceApplicationTests

  .   ____          _            __ _ _
 /\\ / ___'_ __ _ _(_)_ __  __ _ \ \ \ \
( ( )\___ | '_ | '_| | '_ \/ _` | \ \ \ \
 \\/  ___)| |_)| | | | | || (_| |  ) ) ) )
  '  |____| .__|_| |_|_| |_\__, | / / / /
 =========|_|==============|___/=/_/_/_/
 :: Spring Boot ::                (v3.2.4)

2024-04-14T15:57:13.047+05:00  INFO 45756 --- [remote-schedule-service] [    Test worker] .r.RemoteScheduleServiceApplicationTests : Starting RemoteScheduleServiceApplicationTests using Java 21.0.1 with PID 45756 (started by denismalinin in /Users/denismalinin/Github/remote-schedule-service)
2024-04-14T15:57:13.047+05:00  INFO 45756 --- [remote-schedule-service] [    Test worker] .r.RemoteScheduleServiceApplicationTests : No active profile set, falling back to 1 default profile: "default"
2024-04-14T15:57:13.596+05:00  INFO 45756 --- [remote-schedule-service] [    Test worker] .r.RemoteScheduleServiceApplicationTests : Started RemoteScheduleServiceApplicationTests in 0.66 seconds (process running for 1.231)
]]></system-out>
  <system-err><![CDATA[WARNING: A Java agent has been loaded dynamically (/Users/denismalinin/.gradle/caches/modules-2/files-2.1/net.bytebuddy/byte-buddy-agent/1.14.12/be4984cb6fd1ef1d11f218a648889dfda44b8a15/byte-buddy-agent-1.14.12.jar)
WARNING: If a serviceability tool is in use, please run with -XX:+EnableDynamicAgentLoading to hide this warning
WARNING: If a serviceability tool is not in use, please run with -Djdk.instrument.traceUsage for more information
WARNING: Dynamic loading of agents will be disallowed by default in a future release
]]></system-err>
</testsuite>
